<?xml version="1.0" encoding="UTF-8"?>
<!-- Generated by org.testng.reporters.JUnitXMLReporter -->
<testsuite ignored="0" hostname="Akshay" failures="1" tests="3" name="Error Validations Test" time="13.41" errors="0" timestamp="2024-08-24T16:38:55 IST">
  <testcase classname="akshayy.tests.ErrorValidationsTest" name="LoginErrrorValidation" time="0.527">
    <skipped/>
  </testcase> <!-- LoginErrrorValidation -->
  <testcase classname="akshayy.tests.ErrorValidationsTest" name="LoginErrrorValidation" time="1.245">
    <failure type="java.lang.AssertionError" message="expected [Incorrect email or password.] but found [Incorrect email password.]">
      <![CDATA[java.lang.AssertionError: expected [Incorrect email or password.] but found [Incorrect email password.]
at akshayy.tests.ErrorValidationsTest.LoginErrrorValidation(ErrorValidationsTest.java:24)
at java.base/java.util.ArrayList.forEach(ArrayList.java:1511)
at java.base/java.util.concurrent.FutureTask.run(FutureTask.java:264)
at java.base/java.util.concurrent.ThreadPoolExecutor.runWorker(ThreadPoolExecutor.java:1136)
at java.base/java.util.concurrent.ThreadPoolExecutor$Worker.run(ThreadPoolExecutor.java:635)
at java.base/java.lang.Thread.run(Thread.java:840)
... Removed 23 stack frames]]>
    </failure>
  </testcase> <!-- LoginErrrorValidation -->
  <testcase classname="akshayy.tests.ErrorValidationsTest" name="ProductErrorValidation" time="2.698"/>
</testsuite> <!-- Error Validations Test -->
